Error: [8] Undefined variable: _SESSION - /var/www/html/contractor/includes/security.php:16
Error: [8] Trying to access array offset on value of type null - /var/www/html/contractor/includes/security.php:16
Error: [8] Undefined variable: _SESSION - /var/www/html/contractor/includes/security.php:16
Error: [8] Trying to access array offset on value of type null - /var/www/html/contractor/includes/security.php:16
Error: [2] include_once(includes/session.php): failed to open stream: No such file or directory - /var/www/html/contractor/includes/head.php:4
Error: [2] include_once(): Failed opening 'includes/session.php' for inclusion (include_path='.:/usr/share/php') - /var/www/html/contractor/includes/head.php:4
Error: [8] Undefined variable: contractor_name - /var/www/html/contractor/includes/notifications.php:46
Error: [2] include_once(includes/session.php): failed to open stream: No such file or directory - /var/www/html/contractor/includes/head.php:4
Error: [2] include_once(): Failed opening 'includes/session.php' for inclusion (include_path='.:/usr/share/php') - /var/www/html/contractor/includes/head.php:4
Error: [8] Undefined variable: contractor_name - /var/www/html/contractor/includes/notifications.php:46
Error: [2] include_once(includes/session.php): failed to open stream: No such file or directory - /var/www/html/contractor/includes/head.php:4
Error: [2] include_once(): Failed opening 'includes/session.php' for inclusion (include_path='.:/usr/share/php') - /var/www/html/contractor/includes/head.php:4
Error: [8] Undefined variable: contractor_name - /var/www/html/contractor/includes/notifications.php:46
Error: [2] include_once(includes/session.php): failed to open stream: No such file or directory - /var/www/html/contractor/includes/head.php:4
Error: [2] include_once(): Failed opening 'includes/session.php' for inclusion (include_path='.:/usr/share/php') - /var/www/html/contractor/includes/head.php:4
Error: [8] Undefined variable: contractor_name - /var/www/html/contractor/includes/notifications.php:46
Error: [2] include_once(includes/session.php): failed to open stream: No such file or directory - /var/www/html/contractor/includes/head.php:4
Error: [2] include_once(): Failed opening 'includes/session.php' for inclusion (include_path='.:/usr/share/php') - /var/www/html/contractor/includes/head.php:4
Error: [8] Undefined variable: contractor_name - /var/www/html/contractor/includes/notifications.php:46
Error: [2] include_once(includes/session.php): failed to open stream: No such file or directory - /var/www/html/contractor/includes/head.php:4
Error: [2] include_once(): Failed opening 'includes/session.php' for inclusion (include_path='.:/usr/share/php') - /var/www/html/contractor/includes/head.php:4
Error: [8] Undefined variable: contractor_name - /var/www/html/contractor/includes/notifications.php:46
Error: [2] include_once(includes/session.php): failed to open stream: No such file or directory - /var/www/html/contractor/includes/head.php:4
Error: [2] include_once(): Failed opening 'includes/session.php' for inclusion (include_path='.:/usr/share/php') - /var/www/html/contractor/includes/head.php:4
Error: [8] Undefined variable: contractor_name - /var/www/html/contractor/includes/notifications.php:46
Error: [2] include_once(includes/session.php): failed to open stream: No such file or directory - /var/www/html/contractor/includes/head.php:4
Error: [2] include_once(): Failed opening 'includes/session.php' for inclusion (include_path='.:/usr/share/php') - /var/www/html/contractor/includes/head.php:4
Error: [8] Undefined variable: contractor_name - /var/www/html/contractor/includes/notifications.php:46
Error: [8] Undefined variable: user_name - /var/www/html/contractor/projects.php:6
Error: [8] Undefined variable: user_name - /var/www/html/contractor/projects.php:71
Error: [2] include_once(includes/session.php): failed to open stream: No such file or directory - /var/www/html/contractor/includes/head.php:4
Error: [2] include_once(): Failed opening 'includes/session.php' for inclusion (include_path='.:/usr/share/php') - /var/www/html/contractor/includes/head.php:4
Error: [8] Undefined variable: contractor_name - /var/www/html/contractor/includes/notifications.php:46
Error: [8] Undefined variable: user_name - /var/www/html/contractor/projects.php:6
Error: [8] Undefined variable: user_name - /var/www/html/contractor/projects.php:71
Error: [2] include_once(includes/session.php): failed to open stream: No such file or directory - /var/www/html/contractor/includes/head.php:4
Error: [2] include_once(): Failed opening 'includes/session.php' for inclusion (include_path='.:/usr/share/php') - /var/www/html/contractor/includes/head.php:4
Error: [8] Undefined variable: contractor_name - /var/www/html/contractor/includes/notifications.php:46
Error: [8] Undefined variable: user_name - /var/www/html/contractor/projects.php:6
Error: [8] Undefined variable: user_name - /var/www/html/contractor/projects.php:71
Error: [8] Undefined variable: _SESSION - /var/www/html/contractor/projects.php:76
Error: [2] include_once(includes/session.php): failed to open stream: No such file or directory - /var/www/html/contractor/includes/head.php:4
Error: [2] include_once(): Failed opening 'includes/session.php' for inclusion (include_path='.:/usr/share/php') - /var/www/html/contractor/includes/head.php:4
Error: [8] Undefined variable: contractor_name - /var/www/html/contractor/includes/notifications.php:46
Error: [8] Undefined variable: user_name - /var/www/html/contractor/projects.php:6
Error: [8] Undefined variable: user_name - /var/www/html/contractor/projects.php:71
Error: [8] Undefined variable: _SESSION - /var/www/html/contractor/projects.php:76
Error: [2] include_once(includes/session.php): failed to open stream: No such file or directory - /var/www/html/contractor/includes/head.php:4
Error: [2] include_once(): Failed opening 'includes/session.php' for inclusion (include_path='.:/usr/share/php') - /var/www/html/contractor/includes/head.php:4
Error: [8] Undefined variable: contractor_name - /var/www/html/contractor/includes/notifications.php:46
Error: [8] Undefined variable: user_name - /var/www/html/contractor/projects.php:6
Error: [8] Undefined variable: user_name - /var/www/html/contractor/projects.php:71
Error: [8] Undefined variable: _SESSION - /var/www/html/contractor/projects.php:76
Error: [2] include_once(includes/session.php): failed to open stream: No such file or directory - /var/www/html/contractor/includes/head.php:4
Error: [2] include_once(): Failed opening 'includes/session.php' for inclusion (include_path='.:/usr/share/php') - /var/www/html/contractor/includes/head.php:4
Error: [8] Undefined variable: contractor_name - /var/www/html/contractor/includes/notifications.php:46
Error: [8] Undefined variable: user_name - /var/www/html/contractor/projects.php:6
Error: [8] Undefined variable: user_name - /var/www/html/contractor/projects.php:71
Error: [8] Undefined variable: _SESSION - /var/www/html/contractor/projects.php:76
Error: [2] include_once(includes/session.php): failed to open stream: No such file or directory - /var/www/html/contractor/includes/head.php:4
Error: [2] include_once(): Failed opening 'includes/session.php' for inclusion (include_path='.:/usr/share/php') - /var/www/html/contractor/includes/head.php:4
Error: [8] Undefined variable: contractor_name - /var/www/html/contractor/includes/notifications.php:46
Error: [8] Undefined variable: user_name - /var/www/html/contractor/projects.php:6
Error: [8] Undefined variable: user_name - /var/www/html/contractor/projects.php:71
Error: [8] Undefined variable: _SESSION - /var/www/html/contractor/projects.php:76
Error: [2] include_once(includes/session.php): failed to open stream: No such file or directory - /var/www/html/contractor/includes/head.php:4
Error: [2] include_once(): Failed opening 'includes/session.php' for inclusion (include_path='.:/usr/share/php') - /var/www/html/contractor/includes/head.php:4
Error: [8] Undefined variable: contractor_name - /var/www/html/contractor/includes/notifications.php:46
Error: [8] Undefined variable: user_name - /var/www/html/contractor/projects.php:6
Error: [8] Undefined variable: user_name - /var/www/html/contractor/projects.php:71
Error: [8] Undefined variable: _SESSION - /var/www/html/contractor/projects.php:76
Error: [2] include_once(includes/session.php): failed to open stream: No such file or directory - /var/www/html/contractor/includes/head.php:4
Error: [2] include_once(): Failed opening 'includes/session.php' for inclusion (include_path='.:/usr/share/php') - /var/www/html/contractor/includes/head.php:4
Error: [8] Undefined variable: contractor_name - /var/www/html/contractor/includes/notifications.php:46
Error: [8] Undefined variable: user_name - /var/www/html/contractor/projects.php:6
Error: [8] Undefined variable: user_name - /var/www/html/contractor/projects.php:71
Error: [8] Undefined variable: _SESSION - /var/www/html/contractor/projects.php:76
Error: [2] include_once(includes/session.php): failed to open stream: No such file or directory - /var/www/html/contractor/includes/head.php:4
Error: [2] include_once(): Failed opening 'includes/session.php' for inclusion (include_path='.:/usr/share/php') - /var/www/html/contractor/includes/head.php:4
Error: [8] Undefined variable: contractor_name - /var/www/html/contractor/includes/notifications.php:46
Error: [8] Undefined variable: user_name - /var/www/html/contractor/projects.php:6
Error: [8] Undefined variable: user_name - /var/www/html/contractor/projects.php:71
Error: [8] Undefined variable: _SESSION - /var/www/html/contractor/projects.php:76
Error: [2] include_once(includes/session.php): failed to open stream: No such file or directory - /var/www/html/contractor/includes/head.php:4
Error: [2] include_once(): Failed opening 'includes/session.php' for inclusion (include_path='.:/usr/share/php') - /var/www/html/contractor/includes/head.php:4
Error: [8] Undefined variable: contractor_name - /var/www/html/contractor/includes/notifications.php:46
Error: [8] Undefined variable: user_name - /var/www/html/contractor/projects.php:6
Error: [8] Undefined variable: user_name - /var/www/html/contractor/projects.php:71
Error: [8] Undefined variable: _SESSION - /var/www/html/contractor/projects.php:76
Error: [2] include_once(includes/session.php): failed to open stream: No such file or directory - /var/www/html/contractor/includes/head.php:4
Error: [2] include_once(): Failed opening 'includes/session.php' for inclusion (include_path='.:/usr/share/php') - /var/www/html/contractor/includes/head.php:4
Error: [8] Undefined variable: contractor_name - /var/www/html/contractor/includes/notifications.php:46
Error: [8] Undefined variable: user_name - /var/www/html/contractor/projects.php:6
Error: [8] Undefined variable: user_name - /var/www/html/contractor/projects.php:71
Error: [8] Undefined variable: _SESSION - /var/www/html/contractor/projects.php:76
Error: [2] include_once(includes/session.php): failed to open stream: No such file or directory - /var/www/html/contractor/includes/head.php:4
Error: [2] include_once(): Failed opening 'includes/session.php' for inclusion (include_path='.:/usr/share/php') - /var/www/html/contractor/includes/head.php:4
Error: [8] Undefined variable: contractor_name - /var/www/html/contractor/includes/notifications.php:46
Error: [8] Undefined variable: user_name - /var/www/html/contractor/projects.php:6
Error: [8] Undefined variable: user_name - /var/www/html/contractor/projects.php:71
Error: [8] Undefined variable: _SESSION - /var/www/html/contractor/projects.php:76
Error: [2] include_once(includes/session.php): failed to open stream: No such file or directory - /var/www/html/contractor/includes/head.php:4
Error: [2] include_once(): Failed opening 'includes/session.php' for inclusion (include_path='.:/usr/share/php') - /var/www/html/contractor/includes/head.php:4
Error: [8] Undefined variable: contractor_name - /var/www/html/contractor/includes/notifications.php:46
Error: [8] Undefined variable: user_name - /var/www/html/contractor/projects.php:6
Error: [8] Undefined variable: user_name - /var/www/html/contractor/projects.php:71
Error: [8] Undefined variable: _SESSION - /var/www/html/contractor/projects.php:76
Error: [2] include_once(includes/session.php): failed to open stream: No such file or directory - /var/www/html/contractor/includes/head.php:4
Error: [2] include_once(): Failed opening 'includes/session.php' for inclusion (include_path='.:/usr/share/php') - /var/www/html/contractor/includes/head.php:4
Error: [8] Undefined variable: contractor_name - /var/www/html/contractor/includes/notifications.php:46
Error: [8] Undefined variable: user_name - /var/www/html/contractor/projects.php:6
Error: [8] Undefined variable: user_name - /var/www/html/contractor/projects.php:71
Error: [8] Undefined variable: _SESSION - /var/www/html/contractor/projects.php:76
Error: [2] include_once(includes/session.php): failed to open stream: No such file or directory - /var/www/html/contractor/includes/head.php:4
Error: [2] include_once(): Failed opening 'includes/session.php' for inclusion (include_path='.:/usr/share/php') - /var/www/html/contractor/includes/head.php:4
Error: [8] Undefined variable: contractor_name - /var/www/html/contractor/includes/notifications.php:46
Error: [8] Undefined variable: user_name - /var/www/html/contractor/projects.php:6
Error: [8] Undefined variable: user_name - /var/www/html/contractor/projects.php:71
Error: [8] Undefined variable: _SESSION - /var/www/html/contractor/projects.php:76
Error: [2] include_once(includes/session.php): failed to open stream: No such file or directory - /var/www/html/contractor/includes/head.php:4
Error: [2] include_once(): Failed opening 'includes/session.php' for inclusion (include_path='.:/usr/share/php') - /var/www/html/contractor/includes/head.php:4
Error: [8] Undefined variable: contractor_name - /var/www/html/contractor/includes/notifications.php:46
Error: [8] Undefined variable: user_name - /var/www/html/contractor/projects.php:6
Error: [8] Undefined variable: user_name - /var/www/html/contractor/projects.php:71
Error: [2] include_once(includes/session.php): failed to open stream: No such file or directory - /var/www/html/contractor/includes/head.php:4
Error: [2] include_once(): Failed opening 'includes/session.php' for inclusion (include_path='.:/usr/share/php') - /var/www/html/contractor/includes/head.php:4
Error: [8] Undefined variable: contractor_name - /var/www/html/contractor/includes/notifications.php:46
Error: [8] Undefined variable: user_name - /var/www/html/contractor/projects.php:6
Error: [8] Undefined variable: user_name - /var/www/html/contractor/projects.php:71
Error: [2] include_once(includes/session.php): failed to open stream: No such file or directory - /var/www/html/contractor/includes/head.php:4
Error: [2] include_once(): Failed opening 'includes/session.php' for inclusion (include_path='.:/usr/share/php') - /var/www/html/contractor/includes/head.php:4
Error: [8] Undefined variable: contractor_name - /var/www/html/contractor/includes/notifications.php:46
Error: [8] Undefined variable: user_name - /var/www/html/contractor/projects.php:6
Error: [8] Undefined variable: user_name - /var/www/html/contractor/projects.php:71
Error: [2] include_once(includes/session.php): failed to open stream: No such file or directory - /var/www/html/contractor/includes/head.php:4
Error: [2] include_once(): Failed opening 'includes/session.php' for inclusion (include_path='.:/usr/share/php') - /var/www/html/contractor/includes/head.php:4
Error: [8] Undefined variable: contractor_name - /var/www/html/contractor/includes/notifications.php:46
Error: [8] Undefined variable: user_name - /var/www/html/contractor/projects.php:6
Error: [8] Undefined variable: user_name - /var/www/html/contractor/projects.php:71
Error: [2] include_once(includes/session.php): failed to open stream: No such file or directory - /var/www/html/contractor/includes/head.php:4
Error: [2] include_once(): Failed opening 'includes/session.php' for inclusion (include_path='.:/usr/share/php') - /var/www/html/contractor/includes/head.php:4
Error: [8] Undefined variable: contractor_name - /var/www/html/contractor/includes/notifications.php:46
Error: [8] Undefined variable: user_name - /var/www/html/contractor/projects.php:6
Error: [8] Undefined variable: user_name - /var/www/html/contractor/projects.php:71
Error: [8] Undefined variable: projcat - /var/www/html/contractor/project-contract.php:10
Error: [8] Undefined variable: projcat - /var/www/html/contractor/project-contract.php:10
Error: [8] Undefined variable: projwards - /var/www/html/contractor/project-contract.php:34
Error: [2] Invalid argument supplied for foreach() - /var/www/html/contractor/project-contract.php:34
Error: [8] Undefined variable: projcat - /var/www/html/contractor/project-contract.php:10
Error: [8] Undefined variable: projwards - /var/www/html/contractor/project-contract.php:34
Error: [2] Invalid argument supplied for foreach() - /var/www/html/contractor/project-contract.php:34
Error: [8] Undefined variable: projcat - /var/www/html/contractor/project-contract.php:10
Error: [8] Undefined variable: projwards - /var/www/html/contractor/project-contract.php:34
Error: [2] Invalid argument supplied for foreach() - /var/www/html/contractor/project-contract.php:34
Error: [8] Undefined variable: projcat - /var/www/html/contractor/project-contract.php:10
Error: [8] Undefined variable: projwards - /var/www/html/contractor/project-contract.php:34
Error: [2] Invalid argument supplied for foreach() - /var/www/html/contractor/project-contract.php:34
Error: [8] Undefined variable: projcat - /var/www/html/contractor/project-contract.php:10
Error: [8] Undefined variable: projwards - /var/www/html/contractor/project-contract.php:34
Error: [2] Invalid argument supplied for foreach() - /var/www/html/contractor/project-contract.php:34
Error: [8] Undefined variable: projcat - /var/www/html/contractor/project-contract.php:10
Error: [8] Undefined variable: projwards - /var/www/html/contractor/project-contract.php:34
Error: [2] Invalid argument supplied for foreach() - /var/www/html/contractor/project-contract.php:34
Error: [8] Undefined variable: projcat - /var/www/html/contractor/project-contract.php:10
Error: [8] Undefined variable: projwards - /var/www/html/contractor/project-contract.php:34
Error: [2] Invalid argument supplied for foreach() - /var/www/html/contractor/project-contract.php:34
Error: [8] Undefined variable: projcat - /var/www/html/contractor/project-contract.php:9
Error: [8] Undefined variable: projwards - /var/www/html/contractor/project-contract.php:33
Error: [2] Invalid argument supplied for foreach() - /var/www/html/contractor/project-contract.php:33
Error: [8] Undefined variable: projcat - /var/www/html/contractor/project-contract.php:9
Error: [8] Undefined variable: projwards - /var/www/html/contractor/project-contract.php:33
Error: [2] Invalid argument supplied for foreach() - /var/www/html/contractor/project-contract.php:33
Error: [8] Undefined variable: projcat - /var/www/html/contractor/project-contract.php:9
Error: [8] Undefined variable: projwards - /var/www/html/contractor/project-contract.php:33
Error: [2] Invalid argument supplied for foreach() - /var/www/html/contractor/project-contract.php:33
Error: [8] Undefined variable: projcat - /var/www/html/contractor/project-contract.php:9
Error: [8] Undefined variable: projwards - /var/www/html/contractor/project-contract.php:33
Error: [2] Invalid argument supplied for foreach() - /var/www/html/contractor/project-contract.php:33
Error: [8] Undefined variable: sum_cost - /var/www/html/contractor/work-program.php:178
Error: [8] Undefined variable: sum_cost - /var/www/html/contractor/work-program.php:178
Error: [8] Undefined variable: sum_cost - /var/www/html/contractor/work-program.php:178
Error: [8] Undefined variable: sum_cost - /var/www/html/contractor/work-program.php:178
Error: [8] Undefined variable: sum_cost - /var/www/html/contractor/work-program.php:178
Error: [8] Undefined variable: sum_cost - /var/www/html/contractor/work-program.php:178
Error: [8] Undefined variable: sum_cost - /var/www/html/contractor/work-program.php:178
Error: [8] Undefined variable: sum_cost - /var/www/html/contractor/work-program.php:178
Error: [8] Undefined variable: sum_cost - /var/www/html/contractor/work-program.php:178
Error: [8] Undefined variable: sum_cost - /var/www/html/contractor/work-program.php:178
Error: [8] Undefined variable: sum_cost - /var/www/html/contractor/work-program.php:178
Error: [8] Undefined variable: sum_cost - /var/www/html/contractor/work-program.php:178
Error: [8] Undefined variable: sum_cost - /var/www/html/contractor/work-program.php:178
Error: [8] Undefined variable: sum_cost - /var/www/html/contractor/work-program.php:178
Error: [8] Undefined variable: sum_cost - /var/www/html/contractor/work-program.php:178
Error: [8] Undefined variable: sum_cost - /var/www/html/contractor/work-program.php:178
Error: [8] Undefined variable: sum_cost - /var/www/html/contractor/work-program.php:178
Error: [8] Undefined variable: sum_cost - /var/www/html/contractor/work-program.php:178
Error: [8] Undefined variable: sum_cost - /var/www/html/contractor/work-program.php:178
Error: [8] Undefined variable: sum_cost - /var/www/html/contractor/work-program.php:178
Error: [8] Undefined variable: sum_cost - /var/www/html/contractor/work-program.php:178
Error: [8] Undefined variable: sum_cost - /var/www/html/contractor/work-program.php:178
Error: [8] Undefined variable: sum_cost - /var/www/html/contractor/work-program.php:178
Error: [8] Undefined variable: sum_cost - /var/www/html/contractor/work-program.php:178
Error: [8] Undefined variable: sum_cost - /var/www/html/contractor/work-program.php:178
Error: [8] Undefined variable: sum_cost - /var/www/html/contractor/work-program.php:178
Error: [8] Undefined variable: sum_cost - /var/www/html/contractor/work-program.php:178
Error: [8] Undefined variable: sum_cost - /var/www/html/contractor/work-program.php:178
Error: [8] Undefined variable: sum_cost - /var/www/html/contractor/work-program.php:178
Error: [8] Undefined variable: sum_cost - /var/www/html/contractor/work-program.php:178
Error: [8] Undefined variable: sum_cost - /var/www/html/contractor/work-program.php:178
Error: [8] Undefined variable: sum_cost - /var/www/html/contractor/work-program.php:178
Error: [8] Undefined variable: sum_cost - /var/www/html/contractor/work-program.php:178
Error: [8] Undefined variable: sum_cost - /var/www/html/contractor/work-program.php:178
Error: [8] Undefined variable: sum_cost - /var/www/html/contractor/work-program.php:178
Error: [8] Undefined variable: sum_cost - /var/www/html/contractor/work-program.php:178
Error: [8] Undefined variable: sum_cost - /var/www/html/contractor/work-program.php:178
Error: [8] Undefined variable: sum_cost - /var/www/html/contractor/work-program.php:178
Error: [8] Undefined variable: sum_cost - /var/www/html/contractor/work-program.php:178
Error: [8] Undefined variable: sum_cost - /var/www/html/contractor/work-program.php:178
Error: [8] Undefined variable: sum_cost - /var/www/html/contractor/work-program.php:178
Error: [8] Undefined variable: sum_cost - /var/www/html/contractor/work-program.php:178
Error: [8] Undefined variable: sum_cost - /var/www/html/contractor/work-program.php:178
Error: [8] Undefined variable: sum_cost - /var/www/html/contractor/work-program.php:178
Error: [8] Undefined variable: sum_cost - /var/www/html/contractor/work-program.php:178
Error: [8] Undefined variable: sum_cost - /var/www/html/contractor/work-program.php:178
Error: [8] Undefined variable: sum_cost - /var/www/html/contractor/work-program.php:178
Error: [8] Undefined variable: sum_cost - /var/www/html/contractor/work-program.php:178
Error: [8] Undefined variable: sum_cost - /var/www/html/contractor/work-program.php:178
Error: [8] Undefined variable: sum_cost - /var/www/html/contractor/work-program.php:178
Error: [8] Undefined variable: sum_cost - /var/www/html/contractor/work-program.php:178
Error: [8] Undefined variable: sum_cost - /var/www/html/contractor/work-program.php:178
Error: [8] Undefined variable: sum_cost - /var/www/html/contractor/work-program.php:178
Error: [8] Undefined variable: sum_cost - /var/www/html/contractor/work-program.php:178
Error: [8] Undefined variable: sum_cost - /var/www/html/contractor/work-program.php:178
Error: [8] Undefined variable: sum_cost - /var/www/html/contractor/work-program.php:178
Error: [8] Undefined variable: sum_cost - /var/www/html/contractor/work-program.php:178
Error: [8] Undefined variable: sum_cost - /var/www/html/contractor/work-program.php:178
Error: [8] Undefined variable: sum_cost - /var/www/html/contractor/work-program.php:178
Error: [8] Undefined variable: sum_cost - /var/www/html/contractor/work-program.php:178
Error: [8] Undefined variable: sum_cost - /var/www/html/contractor/work-program.php:178
Error: [8] Undefined variable: sum_cost - /var/www/html/contractor/work-program.php:178
Error: [8] Undefined variable: sum_cost - /var/www/html/contractor/work-program.php:178
Error: [8] Undefined variable: sum_cost - /var/www/html/contractor/work-program.php:178
Error: [8] Undefined variable: sum_cost - /var/www/html/contractor/work-program.php:178
Error: [8] Undefined variable: sum_cost - /var/www/html/contractor/work-program.php:178
Error: [8] Undefined variable: sum_cost - /var/www/html/contractor/work-program.php:178
Error: [8] Undefined variable: sum_cost - /var/www/html/contractor/work-program.php:178
Error: [8] Undefined variable: sum_cost - /var/www/html/contractor/work-program.php:178
Error: [8] Undefined variable: sum_cost - /var/www/html/contractor/work-program.php:178
Error: [8] Undefined variable: sum_cost - /var/www/html/contractor/work-program.php:178
Error: [8] Undefined variable: sum_cost - /var/www/html/contractor/work-program.php:178
Error: [8] Undefined variable: sum_cost - /var/www/html/contractor/work-program.php:178
Error: [8] Undefined variable: sum_cost - /var/www/html/contractor/work-program.php:178
Error: [8] Undefined variable: sum_cost - /var/www/html/contractor/work-program.php:178
Error: [8] Undefined variable: sum_cost - /var/www/html/contractor/work-program.php:178
Error: [8] Undefined variable: sum_cost - /var/www/html/contractor/work-program.php:178
Error: [8] Undefined variable: sum_cost - /var/www/html/contractor/work-program.php:178
Error: [8] Undefined variable: sum_cost - /var/www/html/contractor/work-program.php:178
Error: [8] Undefined variable: sum_cost - /var/www/html/contractor/work-program.php:178
Error: [8] Undefined variable: sum_cost - /var/www/html/contractor/work-program.php:178
Error: [8] Undefined variable: sum_cost - /var/www/html/contractor/work-program.php:178
Error: [8] Undefined variable: sum_cost - /var/www/html/contractor/work-program.php:178
Error: [8] Undefined variable: sum_cost - /var/www/html/contractor/work-program.php:178
Error: [8] Undefined variable: sum_cost - /var/www/html/contractor/work-program.php:178
Error: [8] Undefined variable: sum_cost - /var/www/html/contractor/work-program.php:178
Error: [8] Undefined variable: sum_cost - /var/www/html/contractor/work-program.php:178
Error: [8] Undefined variable: sum_cost - /var/www/html/contractor/work-program.php:178
Error: [8] Undefined variable: sum_cost - /var/www/html/contractor/work-program.php:178
Error: [8] Undefined variable: sum_cost - /var/www/html/contractor/work-program.php:178
Error: [8] Undefined variable: sum_cost - /var/www/html/contractor/work-program.php:178
Error: [8] Undefined variable: sum_cost - /var/www/html/contractor/work-program.php:178
Error: [8] Undefined variable: sum_cost - /var/www/html/contractor/work-program.php:178
Error: [8] Undefined variable: sum_cost - /var/www/html/contractor/work-program.php:178
Error: [8] Undefined variable: sum_cost - /var/www/html/contractor/work-program.php:178
Error: [8] Undefined variable: sum_cost - /var/www/html/contractor/work-program.php:178
Error: [8] Undefined variable: sum_cost - /var/www/html/contractor/work-program.php:178
Error: [8] Undefined variable: sum_cost - /var/www/html/contractor/work-program.php:178
Error: [8] Undefined variable: sum_cost - /var/www/html/contractor/work-program.php:178
Error: [8] Undefined variable: sum_cost - /var/www/html/contractor/work-program.php:178
Error: [8] Undefined variable: sum_cost - /var/www/html/contractor/work-program.php:178
Error: [8] Undefined variable: sum_cost - /var/www/html/contractor/work-program.php:178
Error: [8] Undefined variable: sum_cost - /var/www/html/contractor/work-program.php:178
Error: [8] Undefined variable: sum_cost - /var/www/html/contractor/work-program.php:178
Error: [8] Undefined variable: sum_cost - /var/www/html/contractor/work-program.php:178
Error: [8] Undefined variable: sum_cost - /var/www/html/contractor/work-program.php:178
Error: [8] Undefined variable: sum_cost - /var/www/html/contractor/work-program.php:178
Error: [8] Undefined variable: sum_cost - /var/www/html/contractor/work-program.php:178
Error: [8] Undefined variable: sum_cost - /var/www/html/contractor/work-program.php:178
Error: [8] Undefined variable: sum_cost - /var/www/html/contractor/work-program.php:178
Error: [8] Undefined variable: sum_cost - /var/www/html/contractor/work-program.php:178
Error: [8] Undefined variable: sum_cost - /var/www/html/contractor/work-program.php:178
Error: [8] Undefined variable: sum_cost - /var/www/html/contractor/work-program.php:178
Error: [8] Undefined variable: sum_cost - /var/www/html/contractor/work-program.php:178
Error: [8] Undefined variable: sum_cost - /var/www/html/contractor/work-program.php:178
Error: [8] Undefined variable: sum_cost - /var/www/html/contractor/work-program.php:178
Error: [8] Undefined variable: sum_cost - /var/www/html/contractor/work-program.php:178
Error: [8] Undefined variable: sum_cost - /var/www/html/contractor/work-program.php:178
Error: [8] Undefined variable: sum_cost - /var/www/html/contractor/work-program.php:178
Error: [8] Undefined variable: sum_cost - /var/www/html/contractor/work-program.php:178
Error: [8] Undefined variable: sum_cost - /var/www/html/contractor/work-program.php:178
Error: [8] Undefined variable: sum_cost - /var/www/html/contractor/work-program.php:178
Error: [8] Undefined variable: sum_cost - /var/www/html/contractor/work-program.php:178
Error: [8] Undefined variable: sum_cost - /var/www/html/contractor/work-program.php:178
Error: [8] Undefined variable: sum_cost - /var/www/html/contractor/work-program.php:178
Error: [8] Undefined variable: sum_cost - /var/www/html/contractor/work-program.php:178
Error: [8] Undefined variable: sum_cost - /var/www/html/contractor/work-program.php:178
Error: [8] Undefined variable: sum_cost - /var/www/html/contractor/work-program.php:178
Error: [8] Undefined variable: sum_cost - /var/www/html/contractor/work-program.php:178
Error: [8] Undefined variable: sum_cost - /var/www/html/contractor/work-program.php:178
Error: [8] Undefined variable: sum_cost - /var/www/html/contractor/work-program.php:178
Error: [8] Undefined variable: sum_cost - /var/www/html/contractor/work-program.php:178
Error: [8] Undefined variable: sum_cost - /var/www/html/contractor/work-program.php:178
Error: [8] Undefined variable: sum_cost - /var/www/html/contractor/work-program.php:178
Error: [8] Undefined variable: sum_cost - /var/www/html/contractor/work-program.php:178
Error: [8] Undefined variable: sum_cost - /var/www/html/contractor/work-program.php:178
Error: [8] Undefined variable: sum_cost - /var/www/html/contractor/work-program.php:178
Error: [8] Undefined variable: sum_cost - /var/www/html/contractor/work-program.php:178
Error: [8] Undefined variable: sum_cost - /var/www/html/contractor/work-program.php:178
Error: [8] Undefined variable: sum_cost - /var/www/html/contractor/work-program.php:178
Error: [8] Undefined variable: sum_cost - /var/www/html/contractor/work-program.php:178
Error: [8] Undefined variable: sum_cost - /var/www/html/contractor/work-program.php:178
Error: [8] Undefined variable: sum_cost - /var/www/html/contractor/work-program.php:178
Error: [8] Undefined variable: sum_cost - /var/www/html/contractor/work-program.php:178
Error: [8] Undefined variable: projcat - /var/www/html/contractor/project-contract.php:9
Error: [8] Undefined variable: projwards - /var/www/html/contractor/project-contract.php:33
Error: [2] Invalid argument supplied for foreach() - /var/www/html/contractor/project-contract.php:33
Error: [8] Undefined variable: projcat - /var/www/html/contractor/project-contract.php:9
Error: [8] Undefined variable: projwards - /var/www/html/contractor/project-contract.php:33
Error: [2] Invalid argument supplied for foreach() - /var/www/html/contractor/project-contract.php:33
Error: [8] Undefined variable: sum_cost - /var/www/html/contractor/work-program.php:178
Error: [8] Undefined variable: sum_cost - /var/www/html/contractor/work-program.php:178
Error: [8] Undefined variable: sum_cost - /var/www/html/contractor/work-program.php:178
Error: [8] Undefined variable: sum_cost - /var/www/html/contractor/work-program.php:178
Error: [8] Undefined variable: sum_cost - /var/www/html/contractor/work-program.php:178
Error: [8] Undefined variable: sum_cost - /var/www/html/contractor/work-program.php:178
Error: [8] Undefined variable: sum_cost - /var/www/html/contractor/work-program.php:178
Error: [8] Undefined variable: sum_cost - /var/www/html/contractor/work-program.php:178
Error: [8] Undefined variable: sum_cost - /var/www/html/contractor/work-program.php:178
Error: [8] Undefined variable: sum_cost - /var/www/html/contractor/work-program.php:178
Error: [8] Undefined variable: sum_cost - /var/www/html/contractor/work-program.php:178
Error: [8] Undefined variable: sum_cost - /var/www/html/contractor/work-program.php:178
Error: [8] Undefined variable: sum_cost - /var/www/html/contractor/work-program.php:178
Error: [8] Undefined variable: sum_cost - /var/www/html/contractor/work-program.php:178
Error: [8] Undefined variable: sum_cost - /var/www/html/contractor/work-program.php:178
Error: [8] Undefined variable: sum_cost - /var/www/html/contractor/work-program.php:178
Error: [8] Undefined variable: sum_cost - /var/www/html/contractor/work-program.php:178
Error: [8] Undefined variable: sum_cost - /var/www/html/contractor/work-program.php:178
Error: [8] Undefined variable: sum_cost - /var/www/html/contractor/work-program.php:178
Error: [8] Undefined variable: sum_cost - /var/www/html/contractor/work-program.php:178
Error: [8] Undefined variable: sum_cost - /var/www/html/contractor/work-program.php:178
Error: [8] Undefined variable: sum_cost - /var/www/html/contractor/work-program.php:178
Error: [8] Undefined variable: sum_cost - /var/www/html/contractor/work-program.php:178
Error: [8] Undefined variable: sum_cost - /var/www/html/contractor/work-program.php:178
Error: [8] Undefined variable: sum_cost - /var/www/html/contractor/work-program.php:178
Error: [8] Undefined variable: sum_cost - /var/www/html/contractor/work-program.php:178
Error: [8] Undefined variable: sum_cost - /var/www/html/contractor/work-program.php:178
Error: [8] Undefined property: stdClass::$fullname - /var/www/html/contractor/models/Email.php:539
Error: [8] Undefined property: stdClass::$fullname - /var/www/html/contractor/models/Email.php:539
Error: [8] Undefined variable: sum_cost - /var/www/html/contractor/work-program.php:178
Error: [8] Undefined variable: sum_cost - /var/www/html/contractor/work-program.php:178
Error: [8] Undefined variable: sum_cost - /var/www/html/contractor/work-program.php:178
Error: [8] Undefined variable: sum_cost - /var/www/html/contractor/work-program.php:178
Error: [8] Undefined variable: sum_cost - /var/www/html/contractor/work-program.php:178
Error: [8] Undefined variable: sum_cost - /var/www/html/contractor/work-program.php:178
Error: [8] Undefined property: stdClass::$fullname - /var/www/html/contractor/models/Email.php:539
Error: [8] Undefined property: stdClass::$fullname - /var/www/html/contractor/models/Email.php:539
Error: [8] Undefined variable: sum_cost - /var/www/html/contractor/work-program.php:178
Error: [8] Undefined variable: sum_cost - /var/www/html/contractor/work-program.php:178
Error: [8] Undefined variable: sum_cost - /var/www/html/contractor/work-program.php:178
Error: [8] Undefined property: stdClass::$fullname - /var/www/html/contractor/models/Email.php:539
Error: [8] Trying to access array offset on value of type bool - /var/www/html/contractor/request-payment.php:99
Error: [8] Trying to access array offset on value of type bool - /var/www/html/contractor/request-payment.php:106
Error: [8] Trying to access array offset on value of type bool - /var/www/html/contractor/request-payment.php:107
Error: [8] Trying to access array offset on value of type bool - /var/www/html/contractor/request-payment.php:108
Error: [8] Trying to access array offset on value of type bool - /var/www/html/contractor/request-payment.php:109
Error: [8] Trying to access array offset on value of type bool - /var/www/html/contractor/request-payment.php:99
Error: [8] Trying to access array offset on value of type bool - /var/www/html/contractor/request-payment.php:106
Error: [8] Trying to access array offset on value of type bool - /var/www/html/contractor/request-payment.php:107
Error: [8] Trying to access array offset on value of type bool - /var/www/html/contractor/request-payment.php:108
Error: [8] Trying to access array offset on value of type bool - /var/www/html/contractor/request-payment.php:109
Error: [8] Trying to access array offset on value of type bool - /var/www/html/contractor/payment.php:15
Error: [8] Trying to access array offset on value of type bool - /var/www/html/contractor/payment.php:16
Error: [8] Trying to access array offset on value of type bool - /var/www/html/contractor/payment.php:17
Error: [8] Trying to access array offset on value of type bool - /var/www/html/contractor/request-payment.php:99
Error: [8] Trying to access array offset on value of type bool - /var/www/html/contractor/request-payment.php:106
Error: [8] Trying to access array offset on value of type bool - /var/www/html/contractor/request-payment.php:107
Error: [8] Trying to access array offset on value of type bool - /var/www/html/contractor/request-payment.php:108
Error: [8] Trying to access array offset on value of type bool - /var/www/html/contractor/request-payment.php:109
Error: [8] Trying to access array offset on value of type bool - /var/www/html/contractor/request-payment.php:99
Error: [8] Trying to access array offset on value of type bool - /var/www/html/contractor/request-payment.php:106
Error: [8] Trying to access array offset on value of type bool - /var/www/html/contractor/request-payment.php:107
Error: [8] Trying to access array offset on value of type bool - /var/www/html/contractor/request-payment.php:108
Error: [8] Trying to access array offset on value of type bool - /var/www/html/contractor/request-payment.php:109
Error: [8] Trying to access array offset on value of type bool - /var/www/html/contractor/request-payment.php:99
Error: [8] Trying to access array offset on value of type bool - /var/www/html/contractor/request-payment.php:106
Error: [8] Trying to access array offset on value of type bool - /var/www/html/contractor/request-payment.php:107
Error: [8] Trying to access array offset on value of type bool - /var/www/html/contractor/request-payment.php:108
Error: [8] Trying to access array offset on value of type bool - /var/www/html/contractor/request-payment.php:109
Error: [8] Undefined variable: totalRows_rsPayment_Requests - /var/www/html/contractor/request-payment.php:364
Error: [8] Undefined variable: totalRows_rsPayment_Requests - /var/www/html/contractor/request-payment.php:364
Error: [8] Undefined variable: totalRows_rsPayment_Requests - /var/www/html/contractor/request-payment.php:364
Error: [8] Undefined variable: totalRows_rsPayment_Requests - /var/www/html/contractor/request-payment.php:364
Error: [8] Undefined variable: totalRows_rsPayment_Requests - /var/www/html/contractor/request-payment.php:364
Error: [8] Undefined variable: totalRows_rsPayment_Requests - /var/www/html/contractor/request-payment.php:364
Error: [8] Undefined variable: totalRows_rsPayment_Requests - /var/www/html/contractor/request-payment.php:364
Error: [8] Undefined variable: totalRows_rsPayment_Requests - /var/www/html/contractor/request-payment.php:364
Error: [8] Undefined variable: totalRows_rsPayment_Requests - /var/www/html/contractor/request-payment.php:364
Error: [8] Undefined variable: totalRows_rsPayment_Requests - /var/www/html/contractor/request-payment.php:364
Error: [8] Undefined variable: totalRows_rsPayment_Requests - /var/www/html/contractor/request-payment.php:364
Error: [8] Undefined variable: totalRows_rsPayment_Requests - /var/www/html/contractor/request-payment.php:364
Error: [8] Undefined variable: totalRows_rsPayment_Requests - /var/www/html/contractor/request-payment.php:364
Error: [8] Undefined variable: totalRows_rsPayment_Requests - /var/www/html/contractor/request-payment.php:364
Error: [8] Undefined variable: totalRows_rsPayment_Requests - /var/www/html/contractor/request-payment.php:364
Error: [8] Undefined variable: totalRows_rsPayment_Requests - /var/www/html/contractor/request-payment.php:364
Error: [8] Undefined variable: totalRows_rsPayment_Requests - /var/www/html/contractor/request-payment.php:364
Error: [8] Undefined variable: totalRows_rsPayment_Requests - /var/www/html/contractor/request-payment.php:364
Error: [8] Undefined variable: totalRows_rsPayment_Requests - /var/www/html/contractor/request-payment.php:364
Error: [8] Undefined variable: totalRows_rsPayment_Requests - /var/www/html/contractor/request-payment.php:364
Error: [8] Undefined variable: totalRows_rsPayment_Requests - /var/www/html/contractor/request-payment.php:364
Error: [8] Undefined variable: totalRows_rsPayment_Requests - /var/www/html/contractor/request-payment.php:364
Error: [8] Undefined variable: totalRows_rsPayment_Requests - /var/www/html/contractor/request-payment.php:364
Error: [8] Undefined variable: totalRows_rsPayment_Requests - /var/www/html/contractor/request-payment.php:364
Error: [8] Undefined variable: totalRows_rsPayment_Requests - /var/www/html/contractor/request-payment.php:364
Error: [8] Undefined variable: totalRows_rsPayment_Requests - /var/www/html/contractor/request-payment.php:364
Error: [8] Undefined variable: totalRows_rsPayment_Requests - /var/www/html/contractor/request-payment.php:364
Error: [8] Undefined variable: totalRows_rsPayment_Requests - /var/www/html/contractor/request-payment.php:364
Error: [8] Undefined variable: totalRows_rsPayment_Requests - /var/www/html/contractor/request-payment.php:364
Error: [8] Undefined variable: totalRows_rsPayment_Requests - /var/www/html/contractor/request-payment.php:364
Error: [8] Undefined property: stdClass::$fullname - /var/www/html/contractor/models/Email.php:539
Error: [8] Undefined property: stdClass::$fullname - /var/www/html/contractor/models/Email.php:539
Error: [8] Undefined property: stdClass::$fullname - /var/www/html/contractor/models/Email.php:539
Error: [8] Undefined property: stdClass::$fullname - /var/www/html/contractor/models/Email.php:539
Error: [8] Undefined property: stdClass::$fullname - /var/www/html/contractor/models/Email.php:539
Error: [8] Undefined property: stdClass::$fullname - /var/www/html/contractor/models/Email.php:539
Error: [8] Undefined property: stdClass::$fullname - /var/www/html/contractor/models/Email.php:539
Error: [8] Undefined property: stdClass::$fullname - /var/www/html/contractor/models/Email.php:539
Error: [8] Undefined property: stdClass::$fullname - /var/www/html/contractor/models/Email.php:539
Error: [8] Undefined property: stdClass::$fullname - /var/www/html/contractor/models/Email.php:539
Error: [8] Undefined property: stdClass::$fullname - /var/www/html/contractor/models/Email.php:539
Error: [8] Undefined property: stdClass::$fullname - /var/www/html/contractor/models/Email.php:539
Error: [8] Undefined property: stdClass::$fullname - /var/www/html/contractor/models/Email.php:539
Error: [8] Undefined property: stdClass::$fullname - /var/www/html/contractor/models/Email.php:539
Error: [8] Undefined property: stdClass::$fullname - /var/www/html/contractor/models/Email.php:539
Error: [8] Undefined property: stdClass::$fullname - /var/www/html/contractor/models/Email.php:539
Error: [8] Undefined property: stdClass::$fullname - /var/www/html/contractor/models/Email.php:539
Error: [8] Undefined variable: sum_cost - /var/www/html/contractor/work-program.php:178
Error: [8] Undefined variable: sum_cost - /var/www/html/contractor/work-program.php:178
Error: [8] Undefined variable: sum_cost - /var/www/html/contractor/work-program.php:178
Error: [8] Undefined variable: sum_cost - /var/www/html/contractor/work-program.php:178
Error: [8] Undefined variable: sum_cost - /var/www/html/contractor/work-program.php:178
Error: [8] Undefined variable: sum_cost - /var/www/html/contractor/work-program.php:178
Error: [8] Undefined variable: sum_cost - /var/www/html/contractor/work-program.php:178
Error: [8] Undefined variable: sum_cost - /var/www/html/contractor/work-program.php:178
Error: [8] Undefined variable: sum_cost - /var/www/html/contractor/work-program.php:178
Error: [8] Undefined variable: sum_cost - /var/www/html/contractor/work-program.php:178
Error: [8] Undefined variable: sum_cost - /var/www/html/contractor/work-program.php:178
Error: [8] Undefined variable: sum_cost - /var/www/html/contractor/work-program.php:178
Error: [8] Undefined variable: sum_cost - /var/www/html/contractor/work-program.php:178
Error: [8] Undefined variable: sum_cost - /var/www/html/contractor/work-program.php:178
Error: [8] Undefined variable: sum_cost - /var/www/html/contractor/work-program.php:178
Error: [8] Undefined variable: sum_cost - /var/www/html/contractor/work-program.php:178
Error: [8] Undefined variable: sum_cost - /var/www/html/contractor/work-program.php:178
Error: [8] Undefined variable: sum_cost - /var/www/html/contractor/work-program.php:178
Error: [8] Undefined variable: sum_cost - /var/www/html/contractor/work-program.php:178
Error: [8] Undefined variable: sum_cost - /var/www/html/contractor/work-program.php:178
Error: [8] Undefined variable: sum_cost - /var/www/html/contractor/work-program.php:178
Error: [8] Undefined variable: sum_cost - /var/www/html/contractor/work-program.php:178
Error: [8] Undefined variable: sum_cost - /var/www/html/contractor/work-program.php:178
Error: [8] Undefined variable: sum_cost - /var/www/html/contractor/work-program.php:178
Error: [8] Undefined variable: sum_cost - /var/www/html/contractor/work-program.php:178
Error: [8] Undefined variable: sum_cost - /var/www/html/contractor/work-program.php:178
Error: [8] Undefined variable: sum_cost - /var/www/html/contractor/work-program.php:178
Error: [8] Undefined variable: sum_cost - /var/www/html/contractor/work-program.php:178
Error: [8] Undefined variable: sum_cost - /var/www/html/contractor/work-program.php:178
Error: [8] Undefined variable: sum_cost - /var/www/html/contractor/work-program.php:178
Error: [8] Undefined variable: sum_cost - /var/www/html/contractor/work-program.php:178
Error: [8] Undefined variable: sum_cost - /var/www/html/contractor/work-program.php:178
Error: [8] Undefined variable: sum_cost - /var/www/html/contractor/work-program.php:178
Error: [8] Undefined variable: sum_cost - /var/www/html/contractor/work-program.php:178
Error: [8] Undefined variable: sum_cost - /var/www/html/contractor/work-program.php:178
Error: [8] Undefined variable: sum_cost - /var/www/html/contractor/work-program.php:178
Error: [8] Undefined variable: sum_cost - /var/www/html/contractor/work-program.php:178
Error: [8] Undefined variable: sum_cost - /var/www/html/contractor/work-program.php:178
Error: [8] Undefined variable: sum_cost - /var/www/html/contractor/work-program.php:178
Error: [8] Undefined variable: sum_cost - /var/www/html/contractor/work-program.php:178
Error: [8] Undefined variable: sum_cost - /var/www/html/contractor/work-program.php:178
Error: [8] Undefined variable: sum_cost - /var/www/html/contractor/work-program.php:178
Error: [8] Undefined variable: sum_cost - /var/www/html/contractor/work-program.php:178
Error: [8] Undefined variable: sum_cost - /var/www/html/contractor/work-program.php:178
Error: [8] Undefined variable: sum_cost - /var/www/html/contractor/work-program.php:178
Error: [8] Undefined property: stdClass::$fullname - /var/www/html/contractor/models/Email.php:539
Error: [8] Undefined property: stdClass::$fullname - /var/www/html/contractor/models/Email.php:539
Error: [8] Trying to get property 'expires_at' of non-object - /var/www/html/contractor/models/Auth.php:126
Error: [8] Trying to get property 'expires_at' of non-object - /var/www/html/contractor/models/Auth.php:126
Error: [8] Undefined property: stdClass::$fullname - /var/www/html/contractor/models/Email.php:539
Error: [8] Trying to get property 'expires_at' of non-object - /var/www/html/contractor/models/Auth.php:126
Error: [8] Undefined variable: sum_cost - /var/www/html/contractor/work-program.php:178
Error: [8] Undefined variable: sum_cost - /var/www/html/contractor/work-program.php:178
Error: [8] Undefined variable: sum_cost - /var/www/html/contractor/work-program.php:178
Error: [8] Undefined variable: sum_cost - /var/www/html/contractor/work-program.php:178
Error: [8] Undefined variable: sum_cost - /var/www/html/contractor/work-program.php:178
Error: [8] Undefined variable: sum_cost - /var/www/html/contractor/work-program.php:178
Error: [8] Undefined variable: sum_cost - /var/www/html/contractor/work-program.php:178
Error: [8] Undefined variable: sum_cost - /var/www/html/contractor/work-program.php:178
Error: [8] Undefined variable: sum_cost - /var/www/html/contractor/work-program.php:178
Error: [8] Undefined variable: sum_cost - /var/www/html/contractor/work-program.php:178
Error: [8] Undefined variable: sum_cost - /var/www/html/contractor/work-program.php:178
Error: [8] Undefined variable: sum_cost - /var/www/html/contractor/work-program.php:178
Error: [8] Undefined variable: sum_cost - /var/www/html/contractor/work-program.php:178
Error: [8] Undefined variable: sum_cost - /var/www/html/contractor/work-program.php:178
Error: [8] Undefined variable: sum_cost - /var/www/html/contractor/work-program.php:178
Error: [8] Undefined variable: sum_cost - /var/www/html/contractor/work-program.php:178
Error: [8] Undefined variable: sum_cost - /var/www/html/contractor/work-program.php:178
Error: [8] Undefined variable: sum_cost - /var/www/html/contractor/work-program.php:178
Error: [8] Undefined variable: sum_cost - /var/www/html/contractor/work-program.php:178
Error: [8] Undefined variable: sum_cost - /var/www/html/contractor/work-program.php:178
Error: [8] Undefined variable: sum_cost - /var/www/html/contractor/work-program.php:178
Error: [8] Undefined variable: sum_cost - /var/www/html/contractor/work-program.php:178
Error: [8] Undefined variable: sum_cost - /var/www/html/contractor/work-program.php:178
Error: [8] Undefined variable: sum_cost - /var/www/html/contractor/work-program.php:178
Error: [8] Undefined variable: sum_cost - /var/www/html/contractor/work-program.php:178
Error: [8] Undefined variable: sum_cost - /var/www/html/contractor/work-program.php:178
Error: [8] Undefined variable: sum_cost - /var/www/html/contractor/work-program.php:178
Error: [8] Undefined variable: sum_cost - /var/www/html/contractor/work-program.php:178
Error: [8] Undefined variable: sum_cost - /var/www/html/contractor/work-program.php:178
Error: [8] Undefined variable: sum_cost - /var/www/html/contractor/work-program.php:178
Error: [8] Undefined variable: sum_cost - /var/www/html/contractor/work-program.php:178
Error: [8] Undefined variable: sum_cost - /var/www/html/contractor/work-program.php:178
Error: [8] Undefined variable: sum_cost - /var/www/html/contractor/work-program.php:178
Error: [8] Undefined variable: sum_cost - /var/www/html/contractor/work-program.php:178
Error: [8] Undefined variable: sum_cost - /var/www/html/contractor/work-program.php:178
Error: [8] Undefined variable: sum_cost - /var/www/html/contractor/work-program.php:178
Error: [8] Undefined variable: sum_cost - /var/www/html/contractor/work-program.php:178
Error: [8] Undefined variable: sum_cost - /var/www/html/contractor/work-program.php:178
Error: [8] Undefined variable: sum_cost - /var/www/html/contractor/work-program.php:178
Error: [8] Undefined variable: sum_cost - /var/www/html/contractor/work-program.php:178
Error: [8] Undefined variable: sum_cost - /var/www/html/contractor/work-program.php:178
Error: [8] Undefined variable: sum_cost - /var/www/html/contractor/work-program.php:178
Error: [8] Undefined variable: sum_cost - /var/www/html/contractor/work-program.php:178
Error: [8] Undefined variable: sum_cost - /var/www/html/contractor/work-program.php:178
Error: [8] Undefined variable: sum_cost - /var/www/html/contractor/work-program.php:178
Error: [8] Undefined variable: sum_cost - /var/www/html/contractor/work-program.php:178
Error: [8] Undefined variable: sum_cost - /var/www/html/contractor/work-program.php:178
Error: [8] Undefined variable: sum_cost - /var/www/html/contractor/work-program.php:178
Error: [8] Undefined variable: sum_cost - /var/www/html/contractor/work-program.php:178
Error: [8] Undefined variable: sum_cost - /var/www/html/contractor/work-program.php:178
Error: [8] Undefined variable: sum_cost - /var/www/html/contractor/work-program.php:178
Error: [8] Undefined variable: sum_cost - /var/www/html/contractor/work-program.php:178
Error: [8] Undefined variable: sum_cost - /var/www/html/contractor/work-program.php:178
Error: [8] Undefined variable: sum_cost - /var/www/html/contractor/work-program.php:178
Error: [8] Undefined variable: sum_cost - /var/www/html/contractor/work-program.php:178
Error: [8] Undefined variable: sum_cost - /var/www/html/contractor/work-program.php:178
Error: [8] Undefined variable: sum_cost - /var/www/html/contractor/work-program.php:178
Error: [8] Undefined variable: sum_cost - /var/www/html/contractor/work-program.php:178
Error: [8] Undefined variable: sum_cost - /var/www/html/contractor/work-program.php:178
Error: [8] Undefined variable: sum_cost - /var/www/html/contractor/work-program.php:178
Error: [8] Undefined variable: sum_cost - /var/www/html/contractor/work-program.php:178
Error: [8] Undefined variable: sum_cost - /var/www/html/contractor/work-program.php:178
Error: [8] Undefined variable: sum_cost - /var/www/html/contractor/work-program.php:178
Error: [8] Undefined variable: sum_cost - /var/www/html/contractor/work-program.php:178
Error: [8] Undefined variable: sum_cost - /var/www/html/contractor/work-program.php:178
Error: [8] Undefined variable: sum_cost - /var/www/html/contractor/work-program.php:178
Error: [8] Undefined variable: sum_cost - /var/www/html/contractor/work-program.php:178
Error: [8] Undefined variable: sum_cost - /var/www/html/contractor/work-program.php:178
Error: [8] Undefined variable: sum_cost - /var/www/html/contractor/work-program.php:178
Error: [8] Undefined variable: sum_cost - /var/www/html/contractor/work-program.php:178
Error: [8] Undefined variable: sum_cost - /var/www/html/contractor/work-program.php:178
Error: [8] Undefined variable: sum_cost - /var/www/html/contractor/work-program.php:178
Error: [8] Undefined variable: sum_cost - /var/www/html/contractor/work-program.php:178
Error: [8] Undefined variable: sum_cost - /var/www/html/contractor/work-program.php:178
Error: [8] Undefined variable: sum_cost - /var/www/html/contractor/work-program.php:178
Error: [8] Undefined variable: sum_cost - /var/www/html/contractor/work-program.php:178
Error: [8] Undefined variable: sum_cost - /var/www/html/contractor/work-program.php:178
Error: [8] Undefined variable: sum_cost - /var/www/html/contractor/work-program.php:178
Error: [8] Undefined variable: sum_cost - /var/www/html/contractor/work-program.php:178
Error: [8] Undefined variable: sum_cost - /var/www/html/contractor/work-program.php:178
Error: [8] Undefined variable: sum_cost - /var/www/html/contractor/work-program.php:178
Error: [8] Undefined variable: sum_cost - /var/www/html/contractor/work-program.php:178
Error: [8] Undefined variable: sum_cost - /var/www/html/contractor/work-program.php:178
Error: [8] Undefined variable: sum_cost - /var/www/html/contractor/work-program.php:178
Error: [8] Undefined variable: sum_cost - /var/www/html/contractor/work-program.php:178
Error: [8] Undefined variable: sum_cost - /var/www/html/contractor/work-program.php:178
Error: [8] Undefined variable: sum_cost - /var/www/html/contractor/work-program.php:178
Error: [8] Undefined variable: sum_cost - /var/www/html/contractor/work-program.php:178
Error: [8] Undefined variable: sum_cost - /var/www/html/contractor/work-program.php:178
Error: [8] Undefined variable: sum_cost - /var/www/html/contractor/work-program.php:178
Error: [8] Undefined variable: sum_cost - /var/www/html/contractor/work-program.php:178
Error: [8] Undefined variable: sum_cost - /var/www/html/contractor/work-program.php:178
Error: [8] Undefined variable: sum_cost - /var/www/html/contractor/work-program.php:178
Error: [8] Undefined variable: sum_cost - /var/www/html/contractor/work-program.php:178
Error: [8] Undefined variable: sum_cost - /var/www/html/contractor/work-program.php:178
Error: [8] Undefined variable: sum_cost - /var/www/html/contractor/work-program.php:178
Error: [8] Undefined variable: sum_cost - /var/www/html/contractor/work-program.php:178
Error: [8] Undefined variable: sum_cost - /var/www/html/contractor/work-program.php:178
Error: [8] Undefined variable: sum_cost - /var/www/html/contractor/work-program.php:178
Error: [8] Undefined variable: sum_cost - /var/www/html/contractor/work-program.php:178
Error: [8] Undefined variable: totalRows_rsPayment_Requests - /var/www/html/contractor/request-payment.php:364
Error: [8] Undefined variable: totalRows_rsPayment_Requests - /var/www/html/contractor/request-payment.php:364
Error: [8] Undefined variable: totalRows_rsPayment_Requests - /var/www/html/contractor/request-payment.php:364
Error: [8] Undefined variable: totalRows_rsPayment_Requests - /var/www/html/contractor/request-payment.php:364
Error: [8] Undefined variable: totalRows_rsPayment_Requests - /var/www/html/contractor/request-payment.php:364
Error: [8] Undefined variable: totalRows_rsPayment_Requests - /var/www/html/contractor/request-payment.php:364
Error: [8] Undefined variable: totalRows_rsPayment_Requests - /var/www/html/contractor/request-payment.php:364
Error: [8] Undefined variable: totalRows_rsPayment_Requests - /var/www/html/contractor/request-payment.php:364
Error: [8] Undefined variable: totalRows_rsPayment_Requests - /var/www/html/contractor/request-payment.php:364
Error: [8] Undefined variable: totalRows_rsPayment_Requests - /var/www/html/contractor/request-payment.php:364
Error: [8] Undefined variable: totalRows_rsPayment_Requests - /var/www/html/contractor/request-payment.php:364
Error: [8] Undefined variable: totalRows_rsPayment_Requests - /var/www/html/contractor/request-payment.php:364
Error: [8] Undefined variable: totalRows_rsPayment_Requests - /var/www/html/contractor/request-payment.php:364
Error: [8] Undefined variable: totalRows_rsPayment_Requests - /var/www/html/contractor/request-payment.php:364
Error: [8] Undefined variable: totalRows_rsPayment_Requests - /var/www/html/contractor/request-payment.php:364
Error: [8] Undefined variable: totalRows_rsPayment_Requests - /var/www/html/contractor/request-payment.php:364
Error: [8] Undefined variable: totalRows_rsPayment_Requests - /var/www/html/contractor/request-payment.php:364
Error: [8] Undefined variable: totalRows_rsPayment_Requests - /var/www/html/contractor/request-payment.php:364
Error: [8] Undefined variable: totalRows_rsPayment_Requests - /var/www/html/contractor/request-payment.php:364
Error: [8] Undefined variable: totalRows_rsPayment_Requests - /var/www/html/contractor/request-payment.php:364
Error: [8] Undefined variable: totalRows_rsPayment_Requests - /var/www/html/contractor/request-payment.php:364
Error: [8] Undefined variable: totalRows_rsPayment_Requests - /var/www/html/contractor/request-payment.php:364
Error: [8] Undefined variable: totalRows_rsPayment_Requests - /var/www/html/contractor/request-payment.php:364
Error: [8] Undefined variable: totalRows_rsPayment_Requests - /var/www/html/contractor/request-payment.php:364
Error: [8] Undefined variable: totalRows_rsPayment_Requests - /var/www/html/contractor/request-payment.php:364
Error: [8] Undefined variable: totalRows_rsPayment_Requests - /var/www/html/contractor/request-payment.php:364
Error: [8] Undefined variable: totalRows_rsPayment_Requests - /var/www/html/contractor/request-payment.php:364
Error: [8] Undefined variable: totalRows_rsPayment_Requests - /var/www/html/contractor/request-payment.php:364
Error: [8] Undefined variable: totalRows_rsPayment_Requests - /var/www/html/contractor/request-payment.php:364
Error: [8] Undefined variable: totalRows_rsPayment_Requests - /var/www/html/contractor/request-payment.php:364
Error: [8] Undefined variable: totalRows_rsPayment_Requests - /var/www/html/contractor/request-payment.php:364
Error: [8] Undefined variable: totalRows_rsPayment_Requests - /var/www/html/contractor/request-payment.php:364
Error: [8] Undefined variable: totalRows_rsPayment_Requests - /var/www/html/contractor/request-payment.php:364
Error: [8] Undefined variable: totalRows_rsPayment_Requests - /var/www/html/contractor/request-payment.php:364
Error: [8] Undefined variable: totalRows_rsPayment_Requests - /var/www/html/contractor/request-payment.php:364
Error: [8] Undefined variable: totalRows_rsPayment_Requests - /var/www/html/contractor/request-payment.php:364
Error: [8] Undefined variable: totalRows_rsPayment_Requests - /var/www/html/contractor/request-payment.php:364
Error: [8] Undefined variable: totalRows_rsPayment_Requests - /var/www/html/contractor/request-payment.php:364
Error: [8] Undefined variable: totalRows_rsPayment_Requests - /var/www/html/contractor/request-payment.php:364
Error: [8] Undefined variable: totalRows_rsPayment_Requests - /var/www/html/contractor/request-payment.php:364
Error: [8] Undefined variable: totalRows_rsPayment_Requests - /var/www/html/contractor/request-payment.php:364
Error: [8] Undefined variable: totalRows_rsPayment_Requests - /var/www/html/contractor/request-payment.php:364
Error: [8] Undefined variable: totalRows_rsPayment_Requests - /var/www/html/contractor/request-payment.php:364
Error: [8] Undefined variable: totalRows_rsPayment_Requests - /var/www/html/contractor/request-payment.php:364
Error: [8] Undefined variable: totalRows_rsPayment_Requests - /var/www/html/contractor/request-payment.php:364
Error: [8] Undefined variable: totalRows_rsPayment_Requests - /var/www/html/contractor/request-payment.php:364
Error: [8] Undefined variable: totalRows_rsPayment_Requests - /var/www/html/contractor/request-payment.php:364
Error: [8] Undefined variable: totalRows_rsPayment_Requests - /var/www/html/contractor/request-payment.php:364
Error: [8] Undefined variable: totalRows_rsPayment_Requests - /var/www/html/contractor/request-payment.php:364
Error: [8] Undefined variable: totalRows_rsPayment_Requests - /var/www/html/contractor/request-payment.php:364
Error: [8] Undefined variable: totalRows_rsPayment_Requests - /var/www/html/contractor/request-payment.php:364
Error: [8] Undefined variable: totalRows_rsPayment_Requests - /var/www/html/contractor/request-payment.php:364
Error: [8] Undefined variable: totalRows_rsPayment_Requests - /var/www/html/contractor/request-payment.php:364
Error: [8] Undefined variable: totalRows_rsPayment_Requests - /var/www/html/contractor/request-payment.php:364
Error: [8] Undefined variable: totalRows_rsPayment_Requests - /var/www/html/contractor/request-payment.php:364
Error: [8] Undefined variable: totalRows_rsPayment_Requests - /var/www/html/contractor/request-payment.php:364
Error: [8] Undefined variable: totalRows_rsPayment_Requests - /var/www/html/contractor/request-payment.php:364
Error: [8] Undefined variable: totalRows_rsPayment_Requests - /var/www/html/contractor/request-payment.php:364
Error: [8] Undefined variable: totalRows_rsPayment_Requests - /var/www/html/contractor/request-payment.php:364
Error: [8] Undefined variable: totalRows_rsPayment_Requests - /var/www/html/contractor/request-payment.php:364
Error: [8] Undefined variable: totalRows_rsPayment_Requests - /var/www/html/contractor/request-payment.php:364
Error: [8] Undefined variable: totalRows_rsPayment_Requests - /var/www/html/contractor/request-payment.php:364
Error: [8] Undefined variable: totalRows_rsPayment_Requests - /var/www/html/contractor/request-payment.php:364
Error: [8] Undefined variable: totalRows_rsPayment_Requests - /var/www/html/contractor/request-payment.php:364
Error: [8] Undefined variable: totalRows_rsPayment_Requests - /var/www/html/contractor/request-payment.php:364
Error: [8] Undefined variable: totalRows_rsPayment_Requests - /var/www/html/contractor/request-payment.php:364
Error: [8] Undefined variable: totalRows_rsPayment_Requests - /var/www/html/contractor/request-payment.php:364
Error: [8] Undefined variable: totalRows_rsPayment_Requests - /var/www/html/contractor/request-payment.php:364
Error: [8] Undefined variable: totalRows_rsPayment_Requests - /var/www/html/contractor/request-payment.php:364
Error: [8] Undefined variable: totalRows_rsPayment_Requests - /var/www/html/contractor/request-payment.php:364
Error: [8] Undefined variable: totalRows_rsPayment_Requests - /var/www/html/contractor/request-payment.php:364
Error: [8] Undefined variable: totalRows_rsPayment_Requests - /var/www/html/contractor/request-payment.php:364
Error: [8] Undefined variable: totalRows_rsPayment_Requests - /var/www/html/contractor/request-payment.php:364
Error: [8] Undefined variable: totalRows_rsPayment_Requests - /var/www/html/contractor/request-payment.php:364
Error: [8] Undefined variable: totalRows_rsPayment_Requests - /var/www/html/contractor/request-payment.php:364
Error: [8] Undefined variable: totalRows_rsPayment_Requests - /var/www/html/contractor/request-payment.php:364
Error: [8] Undefined variable: totalRows_rsPayment_Requests - /var/www/html/contractor/request-payment.php:364
Error: [8] Undefined variable: totalRows_rsPayment_Requests - /var/www/html/contractor/request-payment.php:364
Error: [8] Undefined variable: totalRows_rsPayment_Requests - /var/www/html/contractor/request-payment.php:364
Error: [8] Undefined variable: totalRows_rsPayment_Requests - /var/www/html/contractor/request-payment.php:364
Error: [8] Undefined variable: totalRows_rsPayment_Requests - /var/www/html/contractor/request-payment.php:364
Error: [8] Undefined variable: totalRows_rsPayment_Requests - /var/www/html/contractor/request-payment.php:364
Error: [8] Undefined variable: totalRows_rsPayment_Requests - /var/www/html/contractor/request-payment.php:364
Error: [8] Undefined variable: totalRows_rsPayment_Requests - /var/www/html/contractor/request-payment.php:364
Error: [8] Undefined variable: totalRows_rsPayment_Requests - /var/www/html/contractor/request-payment.php:364
Error: [8] Undefined variable: totalRows_rsPayment_Requests - /var/www/html/contractor/request-payment.php:364
Error: [8] Undefined variable: requested_id - /var/www/html/contractor/request-payment.php:471
Error: [8] Undefined variable: totalRows_rsPayment_Requests - /var/www/html/contractor/request-payment.php:365
Error: [8] Undefined variable: totalRows_rsPayment_Requests - /var/www/html/contractor/request-payment.php:365
Error: [8] Undefined variable: totalRows_rsPayment_Requests - /var/www/html/contractor/request-payment.php:365
Error: [8] Undefined variable: totalRows_rsPayment_Requests - /var/www/html/contractor/request-payment.php:365
Error: [8] Undefined variable: totalRows_rsPayment_Requests - /var/www/html/contractor/request-payment.php:365
Error: [8] Undefined variable: totalRows_rsPayment_Requests - /var/www/html/contractor/request-payment.php:365
Error: [8] Undefined variable: totalRows_rsPayment_Requests - /var/www/html/contractor/request-payment.php:365
Error: [8] Undefined variable: totalRows_rsPayment_Requests - /var/www/html/contractor/request-payment.php:365
Error: [42S22] SQLSTATE[42S22]: Column not found: 1054 Unknown column 'payment_request_id' in 'where clause' - /var/www/html/contractor/request-payment.php:19
Error: [42S22] SQLSTATE[42S22]: Column not found: 1054 Unknown column 'payment_request_id' in 'where clause' - /var/www/html/contractor/request-payment.php:19
Error: [42S22] SQLSTATE[42S22]: Column not found: 1054 Unknown column 'payment_request_id' in 'where clause' - /var/www/html/contractor/request-payment.php:19
Error: [8] Undefined variable: totalRows_rsPayment_Requests - /var/www/html/contractor/request-payment.php:363
Error: [8] Undefined variable: totalRows_rsPayment_Requests - /var/www/html/contractor/request-payment.php:363
Error: [8] Undefined variable: totalRows_rsPayment_Requests - /var/www/html/contractor/request-payment.php:363
Error: [8] Undefined variable: totalRows_rsPayment_Requests - /var/www/html/contractor/request-payment.php:363
Error: [8] Undefined variable: totalRows_rsPayment_Requests - /var/www/html/contractor/request-payment.php:363
Error: [8] Undefined variable: totalRows_rsPayment_Requests - /var/www/html/contractor/request-payment.php:363
Error: [8] Undefined variable: totalRows_rsPayment_Requests - /var/www/html/contractor/request-payment.php:363
Error: [8] Undefined variable: totalRows_rsPayment_Requests - /var/www/html/contractor/request-payment.php:363
Error: [8] Undefined variable: totalRows_rsPayment_Requests - /var/www/html/contractor/request-payment.php:363
Error: [8] Undefined variable: totalRows_rsPayment_Requests - /var/www/html/contractor/request-payment.php:363
Error: [8] Undefined variable: totalRows_rsPayment_Requests - /var/www/html/contractor/request-payment.php:363
Error: [8] Undefined variable: totalRows_rsPayment_Requests - /var/www/html/contractor/request-payment.php:363
Error: [8] Undefined variable: totalRows_rsPayment_Requests - /var/www/html/contractor/request-payment.php:363
Error: [8] Undefined variable: totalRows_rsPayment_Requests - /var/www/html/contractor/request-payment.php:363
Error: [8] Undefined variable: totalRows_rsPayment_Requests - /var/www/html/contractor/request-payment.php:363
Error: [8] Undefined variable: totalRows_rsPayment_Requests - /var/www/html/contractor/request-payment.php:363
Error: [8] Undefined variable: totalRows_rsPayment_Requests - /var/www/html/contractor/request-payment.php:363
Error: [8] Undefined variable: totalRows_rsPayment_Requests - /var/www/html/contractor/request-payment.php:363
Error: [8] Undefined variable: totalRows_rsPayment_Requests - /var/www/html/contractor/request-payment.php:363
Error: [8] Undefined variable: totalRows_rsPayment_Requests - /var/www/html/contractor/request-payment.php:363
Error: [8] Undefined variable: totalRows_rsPayment_Requests - /var/www/html/contractor/request-payment.php:363
Error: [8] Undefined variable: totalRows_rsPayment_Requests - /var/www/html/contractor/request-payment.php:363
Error: [8] Undefined variable: totalRows_rsPayment_Requests - /var/www/html/contractor/request-payment.php:363
Error: [8] Undefined variable: totalRows_rsPayment_Requests - /var/www/html/contractor/request-payment.php:363
Error: [8] Undefined variable: totalRows_rsPayment_Requests - /var/www/html/contractor/request-payment.php:363
Error: [8] Undefined variable: totalRows_rsPayment_Requests - /var/www/html/contractor/request-payment.php:363
Error: [8] Undefined variable: totalRows_rsPayment_Requests - /var/www/html/contractor/request-payment.php:363
Error: [8] Undefined variable: totalRows_rsPayment_Requests - /var/www/html/contractor/request-payment.php:363
Error: [8] Undefined variable: totalRows_rsPayment_Requests - /var/www/html/contractor/request-payment.php:363
Error: [8] Undefined variable: totalRows_rsPayment_Requests - /var/www/html/contractor/request-payment.php:363
Error: [8] Undefined variable: totalRows_rsPayment_Requests - /var/www/html/contractor/request-payment.php:363
Error: [8] Undefined variable: totalRows_rsPayment_Requests - /var/www/html/contractor/request-payment.php:363
Error: [42S22] SQLSTATE[42S22]: Column not found: 1054 Unknown column 'r.request_id' in 'on clause' - /var/www/html/contractor/payment.php:96
Error: [42S22] SQLSTATE[42S22]: Column not found: 1054 Unknown column 'r.request_id' in 'on clause' - /var/www/html/contractor/payment.php:96
Error: [42S22] SQLSTATE[42S22]: Column not found: 1054 Unknown column 'r.request_id' in 'on clause' - /var/www/html/contractor/payment.php:96
Error: [42S22] SQLSTATE[42S22]: Column not found: 1054 Unknown column 'r.request_id' in 'on clause' - /var/www/html/contractor/payment.php:96
Error: [8] Undefined index: request_id - /var/www/html/contractor/payment.php:234
Error: [8] Undefined index: request_id - /var/www/html/contractor/payment.php:234
Error: [8] Undefined index: request_id - /var/www/html/contractor/payment.php:234
Error: [8] Undefined index: request_id - /var/www/html/contractor/payment.php:234
Error: [8] Undefined index: request_id - /var/www/html/contractor/payment.php:234
Error: [8] Undefined index: request_id - /var/www/html/contractor/payment.php:234
Error: [8] Undefined index: request_id - /var/www/html/contractor/payment.php:234
Error: [8] Undefined index: request_id - /var/www/html/contractor/payment.php:234
Error: [8] Undefined index: request_id - /var/www/html/contractor/payment.php:234
Error: [8] Undefined index: request_id - /var/www/html/contractor/payment.php:234
Error: [8] Undefined index: request_id - /var/www/html/contractor/payment.php:234
Error: [8] Undefined index: request_id - /var/www/html/contractor/payment.php:234
Error: [8] Undefined index: request_id - /var/www/html/contractor/payment.php:234
Error: [8] Undefined index: request_id - /var/www/html/contractor/payment.php:234
Error: [8] Undefined index: request_id - /var/www/html/contractor/payment.php:234
Error: [8] Undefined index: request_id - /var/www/html/contractor/payment.php:234
Error: [8] Undefined index: request_id - /var/www/html/contractor/payment.php:234
Error: [8] Undefined index: request_id - /var/www/html/contractor/payment.php:234
Error: [8] Undefined index: request_id - /var/www/html/contractor/payment.php:234
Error: [8] Undefined index: request_id - /var/www/html/contractor/payment.php:234
Error: [8] Undefined index: request_id - /var/www/html/contractor/payment.php:234
Error: [8] Undefined index: request_id - /var/www/html/contractor/payment.php:234
Error: [8] Undefined index: request_id - /var/www/html/contractor/payment.php:234
Error: [8] Undefined variable: milestone_based - /var/www/html/contractor/payment.php:151
Error: [8] Undefined variable: milestone_based - /var/www/html/contractor/payment.php:151
Error: [8] Undefined variable: milestone_based - /var/www/html/contractor/payment.php:151
Error: [8] Undefined variable: milestone_based - /var/www/html/contractor/payment.php:151
Error: [8] Undefined variable: milestone_based - /var/www/html/contractor/payment.php:151
Error: [8] Undefined index: request_id - /var/www/html/contractor/payment.php:234
Error: [8] Undefined index: request_id - /var/www/html/contractor/payment.php:234
Error: [8] Undefined index: request_id - /var/www/html/contractor/payment.php:234
Error: [8] Undefined index: request_id - /var/www/html/contractor/payment.php:234
Error: [8] Undefined index: request_id - /var/www/html/contractor/payment.php:234
Error: [8] Undefined index: request_id - /var/www/html/contractor/payment.php:234
Error: [8] Undefined index: request_id - /var/www/html/contractor/payment.php:234
Error: [8] Undefined index: request_id - /var/www/html/contractor/payment.php:234
Error: [8] Undefined index: request_id - /var/www/html/contractor/payment.php:234
Error: [8] Undefined index: request_id - /var/www/html/contractor/payment.php:234
Error: [8] Undefined variable: projcat - /var/www/html/contractor/project-contract.php:9
Error: [8] Undefined variable: projwards - /var/www/html/contractor/project-contract.php:33
Error: [2] Invalid argument supplied for foreach() - /var/www/html/contractor/project-contract.php:33
Error: [8] Undefined index: request_id - /var/www/html/contractor/payment.php:234
Error: [8] Undefined index: request_id - /var/www/html/contractor/payment.php:234
Error: [8] Undefined index: request_id - /var/www/html/contractor/payment.php:234
Error: [8] Undefined index: request_id - /var/www/html/contractor/payment.php:234
Error: [8] Undefined index: request_id - /var/www/html/contractor/payment.php:234
Error: [8] Undefined index: request_id - /var/www/html/contractor/payment.php:234
Error: [8] Undefined index: request_id - /var/www/html/contractor/payment.php:234
Error: [8] Undefined index: request_id - /var/www/html/contractor/payment.php:234
Error: [8] Undefined index: request_id - /var/www/html/contractor/payment.php:234
Error: [8] Undefined index: request_id - /var/www/html/contractor/payment.php:234
Error: [8] Undefined index: request_id - /var/www/html/contractor/payment.php:234
Error: [8] Undefined index: request_id - /var/www/html/contractor/payment.php:234
Error: [8] Undefined index: request_id - /var/www/html/contractor/payment.php:234
Error: [8] Undefined index: request_id - /var/www/html/contractor/payment.php:234
Error: [8] Undefined index: request_id - /var/www/html/contractor/payment.php:234
Error: [8] Undefined index: request_id - /var/www/html/contractor/payment.php:234
Error: [8] Undefined index: request_id - /var/www/html/contractor/payment.php:234
Error: [8] Undefined index: request_id - /var/www/html/contractor/payment.php:234
Error: [8] Undefined index: request_id - /var/www/html/contractor/payment.php:234
Error: [8] Undefined index: request_id - /var/www/html/contractor/payment.php:234
Error: [8] Undefined index: request_id - /var/www/html/contractor/payment.php:234
Error: [8] Undefined index: request_id - /var/www/html/contractor/payment.php:234
Error: [8] Undefined index: request_id - /var/www/html/contractor/payment.php:234
Error: [8] Undefined index: request_id - /var/www/html/contractor/payment.php:234
Error: [8] Undefined index: request_id - /var/www/html/contractor/payment.php:234
Error: [8] Undefined index: request_id - /var/www/html/contractor/payment.php:234
Error: [8] Undefined index: request_id - /var/www/html/contractor/payment.php:234
Error: [8] Undefined index: request_id - /var/www/html/contractor/payment.php:234
Error: [8] Undefined index: request_id - /var/www/html/contractor/payment.php:234
Error: [8] Undefined index: request_id - /var/www/html/contractor/payment.php:234
Error: [8] Undefined index: request_id - /var/www/html/contractor/payment.php:234
Error: [8] Undefined index: request_id - /var/www/html/contractor/payment.php:234
Error: [8] Undefined index: request_id - /var/www/html/contractor/payment.php:234
Error: [8] Undefined index: request_id - /var/www/html/contractor/payment.php:234
Error: [8] Undefined index: request_id - /var/www/html/contractor/payment.php:234
Error: [8] Undefined index: request_id - /var/www/html/contractor/payment.php:234
Error: [8] Undefined index: request_id - /var/www/html/contractor/payment.php:234
Error: [8] Undefined index: request_id - /var/www/html/contractor/payment.php:234
Error: [8] Undefined index: request_id - /var/www/html/contractor/payment.php:234
Error: [8] Undefined index: request_id - /var/www/html/contractor/payment.php:234
Error: [8] Undefined index: request_id - /var/www/html/contractor/payment.php:234
Error: [8] Undefined index: request_id - /var/www/html/contractor/payment.php:234
Error: [8] Undefined index: request_id - /var/www/html/contractor/payment.php:234
Error: [8] Undefined index: request_id - /var/www/html/contractor/payment.php:234
Error: [8] Undefined index: request_id - /var/www/html/contractor/payment.php:234
Error: [8] Undefined index: request_id - /var/www/html/contractor/payment.php:234
Error: [8] Undefined index: request_id - /var/www/html/contractor/payment.php:234
Error: [8] Undefined index: request_id - /var/www/html/contractor/payment.php:234
Error: [8] Undefined index: request_id - /var/www/html/contractor/payment.php:234
Error: [8] Undefined index: request_id - /var/www/html/contractor/payment.php:234
Error: [8] Undefined index: request_id - /var/www/html/contractor/payment.php:234
Error: [8] Undefined index: request_id - /var/www/html/contractor/payment.php:234
Error: [8] Undefined index: request_id - /var/www/html/contractor/payment.php:234
Error: [8] Undefined index: request_id - /var/www/html/contractor/payment.php:234
Error: [8] Undefined index: request_id - /var/www/html/contractor/payment.php:234
Error: [8] Undefined index: request_id - /var/www/html/contractor/payment.php:234
Error: [8] Undefined index: request_id - /var/www/html/contractor/payment.php:234
Error: [8] Undefined index: request_id - /var/www/html/contractor/payment.php:234
Error: [8] Undefined index: request_id - /var/www/html/contractor/payment.php:234
Error: [8] Undefined index: request_id - /var/www/html/contractor/payment.php:234
Error: [8] Undefined index: request_id - /var/www/html/contractor/payment.php:234
Error: [8] Undefined index: request_id - /var/www/html/contractor/payment.php:234
Error: [8] Undefined index: request_id - /var/www/html/contractor/payment.php:234
Error: [8] Undefined index: request_id - /var/www/html/contractor/payment.php:234
Error: [8] Undefined index: request_id - /var/www/html/contractor/payment.php:234
Error: [8] Undefined index: request_id - /var/www/html/contractor/payment.php:234
Error: [8] Undefined index: request_id - /var/www/html/contractor/payment.php:234
Error: [8] Undefined index: request_id - /var/www/html/contractor/payment.php:234
Error: [8] Undefined index: request_id - /var/www/html/contractor/payment.php:234
Error: [8] Undefined index: request_id - /var/www/html/contractor/payment.php:234
Error: [8] Undefined index: request_id - /var/www/html/contractor/payment.php:234
Error: [8] Undefined index: request_id - /var/www/html/contractor/payment.php:234
Error: [8] Undefined index: request_id - /var/www/html/contractor/payment.php:234
Error: [8] Undefined index: request_id - /var/www/html/contractor/payment.php:234
Error: [8] Undefined index: request_id - /var/www/html/contractor/payment.php:234
Error: [8] Undefined index: request_id - /var/www/html/contractor/payment.php:234
Error: [8] Undefined index: request_id - /var/www/html/contractor/payment.php:234
Error: [8] Undefined index: request_id - /var/www/html/contractor/payment.php:234
Error: [8] Undefined index: request_id - /var/www/html/contractor/payment.php:234
Error: [8] Undefined index: request_id - /var/www/html/contractor/payment.php:234
Error: [8] Undefined index: request_id - /var/www/html/contractor/payment.php:234
Error: [8] Undefined index: request_id - /var/www/html/contractor/payment.php:234
Error: [8] Undefined index: request_id - /var/www/html/contractor/payment.php:234
Error: [8] Undefined index: request_id - /var/www/html/contractor/payment.php:234
Error: [8] Undefined index: request_id - /var/www/html/contractor/payment.php:234
Error: [8] Undefined index: request_id - /var/www/html/contractor/payment.php:234
Error: [8] Undefined index: request_id - /var/www/html/contractor/payment.php:234
Error: [8] Undefined index: request_id - /var/www/html/contractor/payment.php:234
Error: [8] Undefined index: request_id - /var/www/html/contractor/payment.php:234
Error: [8] Undefined index: request_id - /var/www/html/contractor/payment.php:234
Error: [8] Undefined index: request_id - /var/www/html/contractor/payment.php:234
Error: [8] Undefined index: request_id - /var/www/html/contractor/payment.php:234
Error: [8] Undefined index: request_id - /var/www/html/contractor/payment.php:234
Error: [8] Undefined index: request_id - /var/www/html/contractor/payment.php:234
Error: [8] Undefined index: request_id - /var/www/html/contractor/payment.php:234
Error: [8] Undefined index: request_id - /var/www/html/contractor/payment.php:234
Error: [8] Undefined index: request_id - /var/www/html/contractor/payment.php:234
Error: [8] Undefined index: request_id - /var/www/html/contractor/payment.php:234
Error: [8] Undefined variable: totalRows_rsPayment_Requests - /var/www/html/contractor/request-payment.php:363
Error: [8] Undefined variable: totalRows_rsPayment_Requests - /var/www/html/contractor/request-payment.php:363
Error: [8] Undefined variable: totalRows_rsPayment_Requests - /var/www/html/contractor/request-payment.php:363
Error: [8] Undefined variable: totalRows_rsPayment_Requests - /var/www/html/contractor/request-payment.php:363
Error: [8] Undefined variable: totalRows_rsPayment_Requests - /var/www/html/contractor/request-payment.php:363
Error: [8] Undefined variable: totalRows_rsPayment_Requests - /var/www/html/contractor/request-payment.php:363
Error: [8] Undefined variable: totalRows_rsPayment_Requests - /var/www/html/contractor/request-payment.php:363
Error: [8] Undefined variable: totalRows_rsPayment_Requests - /var/www/html/contractor/request-payment.php:363
Error: [8] Undefined index: request_id - /var/www/html/contractor/payment.php:234
Error: [8] Undefined variable: totalRows_rsPayment_Requests - /var/www/html/contractor/request-payment.php:363
Error: [8] Undefined variable: totalRows_rsPayment_Requests - /var/www/html/contractor/request-payment.php:363
Error: [8] Undefined variable: totalRows_rsPayment_Requests - /var/www/html/contractor/request-payment.php:366
Error: [8] Undefined variable: totalRows_rsPayment_Requests - /var/www/html/contractor/request-payment.php:366
Error: [8] Undefined index: request_id - /var/www/html/contractor/payment.php:234
Error: [8] Undefined variable: totalRows_rsPayment_Requests - /var/www/html/contractor/request-payment.php:366
Error: [8] Undefined variable: totalRows_rsPayment_Requests - /var/www/html/contractor/request-payment.php:366
Error: [8] Undefined index: request_id - /var/www/html/contractor/payment.php:234
Error: [8] Undefined index: request_id - /var/www/html/contractor/payment.php:234
Error: [8] Undefined variable: complete - /var/www/html/contractor/payment.php:153
Error: [8] Undefined index: request_id - /var/www/html/contractor/payment.php:234
Error: [8] Undefined index: request_id - /var/www/html/contractor/payment.php:234
Error: [8] Undefined index: request_id - /var/www/html/contractor/payment.php:234
Error: [8] Undefined variable: totalRows_rsPayment_Requests - /var/www/html/contractor/request-payment.php:366
Error: [8] Undefined variable: totalRows_rsPayment_Requests - /var/www/html/contractor/request-payment.php:366
Error: [8] Undefined index: request_id - /var/www/html/contractor/payment.php:234
Error: [8] Undefined variable: totalRows_rsPayment_Requests - /var/www/html/contractor/request-payment.php:366
Error: [8] Undefined variable: totalRows_rsPayment_Requests - /var/www/html/contractor/request-payment.php:366
Error: [8] Undefined variable: complete - /var/www/html/contractor/payment.php:153
Error: [8] Undefined variable: totalRows_rsPayment_Requests - /var/www/html/contractor/request-payment.php:366
Error: [8] Undefined variable: totalRows_rsPayment_Requests - /var/www/html/contractor/request-payment.php:366
Error: [8] Undefined index: request_id - /var/www/html/contractor/payment.php:234
Error: [8] Undefined index: request_id - /var/www/html/contractor/payment.php:234
Error: [8] Undefined variable: totalRows_rsPayment_Requests - /var/www/html/contractor/request-payment.php:364
Error: [8] Undefined variable: totalRows_rsPayment_Requests - /var/www/html/contractor/request-payment.php:364
Error: [8] Undefined index: request_id - /var/www/html/contractor/payment.php:234
Error: [8] Undefined index: request_id - /var/www/html/contractor/payment.php:234
Error: [8] Undefined variable: totalRows_rsPayment_Requests - /var/www/html/contractor/request-payment.php:364
Error: [8] Undefined variable: totalRows_rsPayment_Requests - /var/www/html/contractor/request-payment.php:364
Error: [8] Undefined variable: totalRows_rsPayment_Requests - /var/www/html/contractor/request-payment.php:364
Error: [8] Undefined variable: totalRows_rsPayment_Requests - /var/www/html/contractor/request-payment.php:364
Error: [8] Undefined variable: totalRows_rsPayment_Requests - /var/www/html/contractor/request-payment.php:366
Error: [8] Undefined variable: totalRows_rsPayment_Requests - /var/www/html/contractor/request-payment.php:366
Error: [42S22] SQLSTATE[42S22]: Column not found: 1054 Unknown column 'projid' in 'where clause' - /var/www/html/contractor/request-payment.php:393
Error: [8] Undefined variable: totalRows_rsPayment_Requests - /var/www/html/contractor/request-payment.php:366
Error: [8] Undefined variable: totalRows_rsPayment_Requests - /var/www/html/contractor/request-payment.php:366
Error: [42S22] SQLSTATE[42S22]: Column not found: 1054 Unknown column 'projid' in 'where clause' - /var/www/html/contractor/request-payment.php:393
Error: [8] Undefined variable: totalRows_rsPayment_Requests - /var/www/html/contractor/request-payment.php:366
Error: [8] Undefined variable: totalRows_rsPayment_Requests - /var/www/html/contractor/request-payment.php:366
Error: [42S22] SQLSTATE[42S22]: Column not found: 1054 Unknown column 'projid' in 'where clause' - /var/www/html/contractor/request-payment.php:393
